<?xml version="1.0" encoding="UTF-8"?>
<testExecutions version="1">
    <file path="/home/runner/work/action-monday-state/action-monday-state/test/monday.test.js">
        <testCase name="1. Board Resolving 1.1: Resolve Board ID by Item" duration="255"/>
        <testCase name="1. Board Resolving 1.2: Handle unavailable item" duration="243"/>
        <testCase name="2. Column ID Resolving 2.1: Resolve Column ID by Title" duration="138"/>
        <testCase name="2. Column ID Resolving 2.2: Handle unavailable column" duration="345"/>
        <testCase name="3. Change Status column 3.1: Change status column to valid value" duration="633"/>
        <testCase name="4: Parse Monday.com Item IDs from String 4.1: Parse from simple strings" duration="2"/>
        <testCase name="4: Parse Monday.com Item IDs from String 4.2: Fail if string contains no ID" duration="1"/>
        <testCase name="4: Parse Monday.com Item IDs from String 4.3: Parse with prefix and postfix" duration="1"/>
        <testCase name="4: Parse Monday.com Item IDs from String 4.4: Parse Semantic PR Title" duration="0"/>
        <testCase name="4: Parse Monday.com Item IDs from String 4.5: Parse Semantic PR Title with specified prefix/postfix" duration="1"/>
        <testCase name="4: Parse Monday.com Item IDs from String 4.6: Parse commit message" duration="0"/>
        <testCase name="4: Parse Monday.com Item IDs from String 4.7: Fail if ID is too long / too short" duration="2"/>
        <testCase name="4: Parse Monday.com Item IDs from String 4.8: Multiple IDs can be extracted" duration="0"/>
        <testCase name="4: Parse Monday.com Item IDs from String 4.9: Multiple IDs are only extracted once" duration="1"/>
        <testCase name="5: Read item Status 5.1: Get Status of Item" duration="199"/>
        <testCase name="5: Read item Status 5.1: Get Status of Item that has no status set" duration="206"/>
        <testCase name="6: Get Item Names 6.1: Get Item Name" duration="163"/>
        <testCase name="7: Integration test for whole action 7.1: Simple usecase" duration="1871"/>
    </file>
</testExecutions>