<?xml version="1.0" encoding="UTF-8"?>
<testExecutions version="1">
    <file path="C:\Users\joel\Documents\Git\action-monday-state\test\monday.test.js">
        <testCase name="1. Board Resolving 1.1: Resolve Board ID by Item" duration="1"/>
        <testCase name="1. Board Resolving 1.2: Handle unavailable item" duration="0"/>
        <testCase name="2. Column ID Resolving 2.1: Resolve Column ID by Title" duration="0"/>
        <testCase name="2. Column ID Resolving 2.2: Handle unavailable column" duration="0"/>
        <testCase name="3. Change Status column 3.1: Change status column to valid value" duration="0"/>
        <testCase name="4: Parse Monday.com Item IDs from String 4.1: Parse from simple strings" duration="0"/>
        <testCase name="4: Parse Monday.com Item IDs from String 4.2: Fail if string contains no ID" duration="0"/>
        <testCase name="4: Parse Monday.com Item IDs from String 4.3: Parse with prefix and postfix" duration="0"/>
        <testCase name="4: Parse Monday.com Item IDs from String 4.4: Parse Semantic PR Title" duration="0"/>
        <testCase name="4: Parse Monday.com Item IDs from String 4.5: Parse Semantic PR Title with specified prefix/postfix" duration="0"/>
        <testCase name="4: Parse Monday.com Item IDs from String 4.6: Parse commit message" duration="0"/>
        <testCase name="4: Parse Monday.com Item IDs from String 4.7: Fail if ID is too long / too short" duration="0"/>
        <testCase name="4: Parse Monday.com Item IDs from String 4.8: Multiple IDs can be extracted" duration="0"/>
        <testCase name="4: Parse Monday.com Item IDs from String 4.9: Multiple IDs are only extracted once" duration="0"/>
        <testCase name="5: Read item Status 5.1: Get Status of Item" duration="0"/>
        <testCase name="5: Read item Status 5.1: Get Status of Item that has no status set" duration="0"/>
        <testCase name="6: Get Item Names 6.1: Get Item Name" duration="0"/>
        <testCase name="7: Integration test for whole action 7.1: Simple usecase" duration="1362">
            <failure message="Error: expect(received).toBe(expected) // Object.is equality"><![CDATA[Error: expect(received).toBe(expected) // Object.is equality

Expected: ""
Received: "The following items have been referenced on monday.com:
 - [State Before] Github Action Monday State: JEST [â†ª](https://polygonsoftware.monday.com/boards/2453434889/pulses/2453434956)
"
    at Object.<anonymous> (C:\Users\joel\Documents\Git\action-monday-state\test\monday.test.js:123:21)
    at processTicksAndRejections (node:internal/process/task_queues:96:5)]]></failure>
        </testCase>
    </file>
</testExecutions>