<?xml version="1.0" encoding="UTF-8"?>
<testExecutions version="1">
    <file path="C:\Users\joel\Documents\Git\action-monday-state\test\monday.test.js">
        <testCase name="1. Board Resolving 1.1: Resolve Board ID by Item" duration="602"/>
        <testCase name="1. Board Resolving 1.2: Handle unavailable item" duration="693"/>
        <testCase name="2. Column ID Resolving 2.1: Resolve Column ID by Title" duration="322"/>
        <testCase name="2. Column ID Resolving 2.2: Handle unavailable column" duration="274"/>
        <testCase name="3. Change Status column 3.1: Change status column to valid value" duration="760"/>
        <testCase name="4: Parse Monday.com Item IDs from String 4.1: Parse from simple strings" duration="2"/>
        <testCase name="4: Parse Monday.com Item IDs from String 4.2: Fail if string contains no ID" duration="2"/>
        <testCase name="4: Parse Monday.com Item IDs from String 4.3: Parse with prefix and postfix" duration="0"/>
        <testCase name="4: Parse Monday.com Item IDs from String 4.4: Parse Semantic PR Title" duration="1"/>
        <testCase name="4: Parse Monday.com Item IDs from String 4.5: Parse Semantic PR Title with specified prefix/postfix" duration="0"/>
        <testCase name="4: Parse Monday.com Item IDs from String 4.6: Parse commit message" duration="1"/>
        <testCase name="4: Parse Monday.com Item IDs from String 4.7: Fail if ID is too long / too short" duration="1"/>
        <testCase name="4: Parse Monday.com Item IDs from String 4.8: Multiple IDs can be extracted" duration="1"/>
        <testCase name="4: Parse Monday.com Item IDs from String 4.9: Multiple IDs are only extracted once" duration="0"/>
        <testCase name="5: Integration test for whole action 5.1: Simple usecase" duration="1710"/>
    </file>
</testExecutions>